<?xml version="1.0" encoding="UTF-8"?>
<!-- Generated by org.testng.reporters.JUnitXMLReporter -->
<testsuite hostname="P214M01" ignored="0" name="Default test" tests="3" failures="0" timestamp="01 Nov 2023 02:04:29 GMT" time="0.028" errors="0">
  <testcase name="BookHotel_CheckOut" time="0.008" classname="Bookings.BookHotel"/>
  <testcase name="BookHotel_Checkin" time="0.001" classname="Bookings.BookHotel"/>
  <testcase name="BookHotel_DestinationCity" time="0.001" classname="Bookings.BookHotel"/>
</testsuite> <!-- Default test -->
