<?xml version="1.0" encoding="UTF-8"?>
<!-- Generated by org.testng.reporters.JUnitXMLReporter -->
<testsuite hostname="P214M01" ignored="0" name="Default test" tests="4" failures="0" timestamp="01 Nov 2023 01:35:57 GMT" time="0.035" errors="0">
  <testcase name="BookFligh_Oneway_TestCase3" time="0.004" classname="Bookings.BookFlight"/>
  <testcase name="BookFligh_Oneway_TestCase4" time="0.001" classname="Bookings.BookFlight"/>
  <testcase name="BookFligh_RoundTrip_TestCase1" time="0.001" classname="Bookings.BookFlight"/>
  <testcase name="BookFligh_RoundTrip_TestCase2" time="0.001" classname="Bookings.BookFlight"/>
</testsuite> <!-- Default test -->
