<?xml version="1.0" encoding="UTF-8"?>
<testng-results skipped="0" failed="0" ignored="0" total="4" passed="4">
  <reporter-output>
  </reporter-output>
  <suite name="Default suite" duration-ms="35" started-at="2023-11-01T01:35:57Z" finished-at="2023-11-01T01:35:57Z">
    <groups>
    </groups>
    <test name="Default test" duration-ms="35" started-at="2023-11-01T01:35:57Z" finished-at="2023-11-01T01:35:57Z">
      <class name="Bookings.BookFlight">
        <test-method status="PASS" signature="Beforetesttestcase1()[pri:0, instance:Bookings.BookFlight@6ea12c19]" name="Beforetesttestcase1" is-config="true" duration-ms="6" started-at="2023-11-01T08:35:57Z" finished-at="2023-11-01T08:35:57Z">
          <reporter-output>
          </reporter-output>
        </test-method> <!-- Beforetesttestcase1 -->
        <test-method status="PASS" signature="BeforeMethodTestcase2()[pri:0, instance:Bookings.BookFlight@6ea12c19]" name="BeforeMethodTestcase2" is-config="true" duration-ms="0" started-at="2023-11-01T08:35:57Z" finished-at="2023-11-01T08:35:57Z">
          <reporter-output>
          </reporter-output>
        </test-method> <!-- BeforeMethodTestcase2 -->
        <test-method status="PASS" signature="BookFligh_Oneway_TestCase3()[pri:0, instance:Bookings.BookFlight@6ea12c19]" name="BookFligh_Oneway_TestCase3" duration-ms="4" started-at="2023-11-01T08:35:57Z" finished-at="2023-11-01T08:35:57Z">
          <reporter-output>
          </reporter-output>
        </test-method> <!-- BookFligh_Oneway_TestCase3 -->
        <test-method status="PASS" signature="AfterMethodTestcase1()[pri:0, instance:Bookings.BookFlight@6ea12c19]" name="AfterMethodTestcase1" is-config="true" duration-ms="1" started-at="2023-11-01T08:35:57Z" finished-at="2023-11-01T08:35:57Z">
          <reporter-output>
          </reporter-output>
        </test-method> <!-- AfterMethodTestcase1 -->
        <test-method status="PASS" signature="BookFligh_Oneway_TestCase4()[pri:0, instance:Bookings.BookFlight@6ea12c19]" name="BookFligh_Oneway_TestCase4" duration-ms="1" started-at="2023-11-01T08:35:57Z" finished-at="2023-11-01T08:35:57Z">
          <reporter-output>
          </reporter-output>
        </test-method> <!-- BookFligh_Oneway_TestCase4 -->
        <test-method status="PASS" signature="BeforeMethodTestcase2()[pri:0, instance:Bookings.BookFlight@6ea12c19]" name="BeforeMethodTestcase2" is-config="true" duration-ms="0" started-at="2023-11-01T08:35:57Z" finished-at="2023-11-01T08:35:57Z">
          <reporter-output>
          </reporter-output>
        </test-method> <!-- BeforeMethodTestcase2 -->
        <test-method status="PASS" signature="AfterMethodTestcase1()[pri:0, instance:Bookings.BookFlight@6ea12c19]" name="AfterMethodTestcase1" is-config="true" duration-ms="0" started-at="2023-11-01T08:35:57Z" finished-at="2023-11-01T08:35:57Z">
          <reporter-output>
          </reporter-output>
        </test-method> <!-- AfterMethodTestcase1 -->
        <test-method status="PASS" signature="BookFligh_RoundTrip_TestCase1()[pri:0, instance:Bookings.BookFlight@6ea12c19]" name="BookFligh_RoundTrip_TestCase1" duration-ms="1" started-at="2023-11-01T08:35:57Z" finished-at="2023-11-01T08:35:57Z">
          <reporter-output>
          </reporter-output>
        </test-method> <!-- BookFligh_RoundTrip_TestCase1 -->
        <test-method status="PASS" signature="BeforeMethodTestcase2()[pri:0, instance:Bookings.BookFlight@6ea12c19]" name="BeforeMethodTestcase2" is-config="true" duration-ms="0" started-at="2023-11-01T08:35:57Z" finished-at="2023-11-01T08:35:57Z">
          <reporter-output>
          </reporter-output>
        </test-method> <!-- BeforeMethodTestcase2 -->
        <test-method status="PASS" signature="AfterMethodTestcase1()[pri:0, instance:Bookings.BookFlight@6ea12c19]" name="AfterMethodTestcase1" is-config="true" duration-ms="0" started-at="2023-11-01T08:35:57Z" finished-at="2023-11-01T08:35:57Z">
          <reporter-output>
          </reporter-output>
        </test-method> <!-- AfterMethodTestcase1 -->
        <test-method status="PASS" signature="BeforeMethodTestcase2()[pri:0, instance:Bookings.BookFlight@6ea12c19]" name="BeforeMethodTestcase2" is-config="true" duration-ms="0" started-at="2023-11-01T08:35:57Z" finished-at="2023-11-01T08:35:57Z">
          <reporter-output>
          </reporter-output>
        </test-method> <!-- BeforeMethodTestcase2 -->
        <test-method status="PASS" signature="BookFligh_RoundTrip_TestCase2()[pri:0, instance:Bookings.BookFlight@6ea12c19]" name="BookFligh_RoundTrip_TestCase2" duration-ms="1" started-at="2023-11-01T08:35:57Z" depends-on-methods="Bookings.BookFlight.BookFligh_Oneway_TestCase3" finished-at="2023-11-01T08:35:57Z">
          <reporter-output>
          </reporter-output>
        </test-method> <!-- BookFligh_RoundTrip_TestCase2 -->
        <test-method status="PASS" signature="AfterMethodTestcase1()[pri:0, instance:Bookings.BookFlight@6ea12c19]" name="AfterMethodTestcase1" is-config="true" duration-ms="0" started-at="2023-11-01T08:35:57Z" finished-at="2023-11-01T08:35:57Z">
          <reporter-output>
          </reporter-output>
        </test-method> <!-- AfterMethodTestcase1 -->
        <test-method status="PASS" signature="aftertesttestcase2()[pri:0, instance:Bookings.BookFlight@6ea12c19]" name="aftertesttestcase2" is-config="true" duration-ms="1" started-at="2023-11-01T08:35:57Z" finished-at="2023-11-01T08:35:57Z">
          <reporter-output>
          </reporter-output>
        </test-method> <!-- aftertesttestcase2 -->
      </class> <!-- Bookings.BookFlight -->
    </test> <!-- Default test -->
  </suite> <!-- Default suite -->
</testng-results>
