<?xml version="1.0" encoding="UTF-8"?>
<testng-results skipped="0" failed="0" ignored="0" total="11" passed="11">
  <reporter-output>
  </reporter-output>
  <suite name="Bookings_Functional" duration-ms="51" started-at="2023-11-01T02:22:35Z" finished-at="2023-11-01T02:22:35Z">
    <groups>
    </groups>
    <test name="Test" duration-ms="51" started-at="2023-11-01T02:22:35Z" finished-at="2023-11-01T02:22:35Z">
      <class name="Bookings.BookHotel">
        <test-method status="PASS" signature="BookHotel_CheckOut()[pri:0, instance:Bookings.BookHotel@5cc7c2a6]" name="BookHotel_CheckOut" duration-ms="2" started-at="2023-11-01T09:22:35Z" finished-at="2023-11-01T09:22:35Z">
          <reporter-output>
          </reporter-output>
        </test-method> <!-- BookHotel_CheckOut -->
        <test-method status="PASS" signature="BookHotel_Checkin()[pri:0, instance:Bookings.BookHotel@5cc7c2a6]" name="BookHotel_Checkin" duration-ms="1" started-at="2023-11-01T09:22:35Z" finished-at="2023-11-01T09:22:35Z">
          <reporter-output>
          </reporter-output>
        </test-method> <!-- BookHotel_Checkin -->
        <test-method status="PASS" signature="BookHotel_DestinationCity()[pri:0, instance:Bookings.BookHotel@5cc7c2a6]" name="BookHotel_DestinationCity" duration-ms="1" started-at="2023-11-01T09:22:35Z" finished-at="2023-11-01T09:22:35Z">
          <reporter-output>
          </reporter-output>
        </test-method> <!-- BookHotel_DestinationCity -->
      </class> <!-- Bookings.BookHotel -->
      <class name="Bookings.BookFlight">
        <test-method status="PASS" signature="BookFligh_Oneway_TestCase3()[pri:0, instance:Bookings.BookFlight@3c09711b]" name="BookFligh_Oneway_TestCase3" duration-ms="1" started-at="2023-11-01T09:22:35Z" finished-at="2023-11-01T09:22:35Z">
          <reporter-output>
          </reporter-output>
        </test-method> <!-- BookFligh_Oneway_TestCase3 -->
        <test-method status="PASS" signature="BookFligh_Oneway_TestCase4()[pri:0, instance:Bookings.BookFlight@3c09711b]" name="BookFligh_Oneway_TestCase4" duration-ms="1" started-at="2023-11-01T09:22:35Z" finished-at="2023-11-01T09:22:35Z">
          <reporter-output>
          </reporter-output>
        </test-method> <!-- BookFligh_Oneway_TestCase4 -->
        <test-method status="PASS" signature="BookFligh_RoundTrip_TestCase1()[pri:0, instance:Bookings.BookFlight@3c09711b]" name="BookFligh_RoundTrip_TestCase1" duration-ms="3" started-at="2023-11-01T09:22:35Z" finished-at="2023-11-01T09:22:35Z">
          <reporter-output>
          </reporter-output>
        </test-method> <!-- BookFligh_RoundTrip_TestCase1 -->
        <test-method status="PASS" signature="BookFligh_RoundTrip_TestCase2()[pri:0, instance:Bookings.BookFlight@3c09711b]" name="BookFligh_RoundTrip_TestCase2" duration-ms="1" started-at="2023-11-01T09:22:35Z" finished-at="2023-11-01T09:22:35Z">
          <reporter-output>
          </reporter-output>
        </test-method> <!-- BookFligh_RoundTrip_TestCase2 -->
      </class> <!-- Bookings.BookFlight -->
      <class name="Bookings.BookHolidayPackage">
        <test-method status="PASS" signature="BookHolidayPackage_departure()[pri:0, instance:Bookings.BookHolidayPackage@39fb3ab6]" name="BookHolidayPackage_departure" duration-ms="7" started-at="2023-11-01T09:22:35Z" finished-at="2023-11-01T09:22:35Z">
          <reporter-output>
          </reporter-output>
        </test-method> <!-- BookHolidayPackage_departure -->
        <test-method status="PASS" signature="BookHolidayPackage_destination()[pri:0, instance:Bookings.BookHolidayPackage@39fb3ab6]" name="BookHolidayPackage_destination" duration-ms="1" started-at="2023-11-01T09:22:35Z" finished-at="2023-11-01T09:22:35Z">
          <reporter-output>
          </reporter-output>
        </test-method> <!-- BookHolidayPackage_destination -->
        <test-method status="PASS" signature="BookHolidayPackage_return()[pri:0, instance:Bookings.BookHolidayPackage@39fb3ab6]" name="BookHolidayPackage_return" duration-ms="1" started-at="2023-11-01T09:22:35Z" finished-at="2023-11-01T09:22:35Z">
          <reporter-output>
          </reporter-output>
        </test-method> <!-- BookHolidayPackage_return -->
      </class> <!-- Bookings.BookHolidayPackage -->
      <class name="Bookings.FlightStatus">
        <test-method status="PASS" signature="FlightStatus_TestCase1()[pri:0, instance:Bookings.FlightStatus@b97c004]" name="FlightStatus_TestCase1" duration-ms="1" started-at="2023-11-01T09:22:35Z" finished-at="2023-11-01T09:22:35Z">
          <reporter-output>
          </reporter-output>
        </test-method> <!-- FlightStatus_TestCase1 -->
      </class> <!-- Bookings.FlightStatus -->
    </test> <!-- Test -->
  </suite> <!-- Bookings_Functional -->
</testng-results>
