<?xml version="1.0" encoding="UTF-8"?>
<!-- Generated by org.testng.reporters.JUnitXMLReporter -->
<testsuite hostname="P214M01" ignored="0" name="Test" tests="11" failures="0" timestamp="01 Nov 2023 02:22:35 GMT" time="0.051" errors="0">
  <testcase name="BookHolidayPackage_departure" time="0.007" classname="Bookings.BookHolidayPackage"/>
  <testcase name="BookHolidayPackage_destination" time="0.001" classname="Bookings.BookHolidayPackage"/>
  <testcase name="BookHolidayPackage_return" time="0.001" classname="Bookings.BookHolidayPackage"/>
  <testcase name="BookFligh_Oneway_TestCase3" time="0.001" classname="Bookings.BookFlight"/>
  <testcase name="BookFligh_Oneway_TestCase4" time="0.001" classname="Bookings.BookFlight"/>
  <testcase name="BookFligh_RoundTrip_TestCase1" time="0.003" classname="Bookings.BookFlight"/>
  <testcase name="BookFligh_RoundTrip_TestCase2" time="0.001" classname="Bookings.BookFlight"/>
  <testcase name="BookHotel_CheckOut" time="0.002" classname="Bookings.BookHotel"/>
  <testcase name="BookHotel_Checkin" time="0.001" classname="Bookings.BookHotel"/>
  <testcase name="BookHotel_DestinationCity" time="0.001" classname="Bookings.BookHotel"/>
  <testcase name="FlightStatus_TestCase1" time="0.001" classname="Bookings.FlightStatus"/>
</testsuite> <!-- Test -->
